<?xml version="1.0" encoding="UTF-8"?>
<!-- Generated by org.testng.reporters.JUnitReportReporter -->
<testsuite hostname="DESKTOP-NPOGQ3C" failures="0" tests="1" name="firstProjectFix.myTestCases" time="4.700" errors="0" timestamp="2024-10-04T23:49:09 EET" skipped="0">
  <testcase classname="firstProjectFix.myTestCases" name="myTest" time="4.700"/>
  <system-out/>
</testsuite> <!-- firstProjectFix.myTestCases -->
