<?xml version="1.0" encoding="UTF-8"?>
<!-- Generated by org.testng.reporters.JUnitReportReporter -->
<testsuite hostname="DESKTOP-NPOGQ3C" failures="0" tests="1" name="firstProjectFix.myTestcase" time="3.538" errors="0" timestamp="2024-10-03T20:35:16 EET" skipped="0">
  <testcase classname="firstProjectFix.myTestcase" name="myTest" time="3.538"/>
  <system-out/>
</testsuite> <!-- firstProjectFix.myTestcase -->
