<?xml version="1.0" encoding="UTF-8"?>
<!-- Generated by org.testng.reporters.JUnitReportReporter -->
<testsuite hostname="DESKTOP-NPOGQ3C" failures="0" tests="2" name="myTestCases" time="0.793" errors="0" timestamp="2024-10-08T23:46:34 EET" skipped="0">
  <testcase classname="myTestCases" name="login" time="0.459"/>
  <system-out/>
  <testcase classname="myTestCases" name="AddItemToCart" time="0.334"/>
  <system-out/>
</testsuite> <!-- myTestCases -->
